<?xml version="1.0" encoding="UTF-8"?>
<testng-results skipped="0" failed="0" total="1" passed="1">
  <reporter-output>
  </reporter-output>
  <suite name="Default suite" duration-ms="14610" started-at="2018-04-17T05:24:33Z" finished-at="2018-04-17T05:24:48Z">
    <groups>
    </groups>
    <test name="Default test" duration-ms="14610" started-at="2018-04-17T05:24:33Z" finished-at="2018-04-17T05:24:48Z">
      <class name="Sample.SampleSeleniumProjectTest">
        <test-method status="PASS" signature="test1()[pri:0, instance:Sample.SampleSeleniumProjectTest@6cc4c815]" name="test1" duration-ms="14588" started-at="2018-04-17T10:54:33Z" finished-at="2018-04-17T10:54:48Z">
          <reporter-output>
          </reporter-output>
        </test-method> <!-- test1 -->
      </class> <!-- Sample.SampleSeleniumProjectTest -->
    </test> <!-- Default test -->
  </suite> <!-- Default suite -->
</testng-results>
